<?xml version="1.0" encoding="UTF-8"?>
<testng-results skipped="0" failed="0" total="1" passed="1">
  <reporter-output>
  </reporter-output>
  <suite name="Default suite" duration-ms="32827" started-at="2020-04-05T16:33:01Z" finished-at="2020-04-05T16:33:34Z">
    <groups>
    </groups>
    <test name="Default test" duration-ms="32827" started-at="2020-04-05T16:33:01Z" finished-at="2020-04-05T16:33:34Z">
      <class name="getCode.Geico.HomePageLogIn">
        <test-method status="PASS" signature="initialize()[pri:0, instance:getCode.Geico.HomePageLogIn@117e949d]" name="initialize" is-config="true" duration-ms="13697" started-at="2020-04-05T12:33:01Z" finished-at="2020-04-05T12:33:15Z">
          <reporter-output>
          </reporter-output>
        </test-method> <!-- initialize -->
        <test-method status="PASS" signature="getCode()[pri:0, instance:getCode.Geico.HomePageLogIn@117e949d]" name="getCode" duration-ms="9800" started-at="2020-04-05T12:33:15Z" finished-at="2020-04-05T12:33:25Z">
          <reporter-output>
          </reporter-output>
        </test-method> <!-- getCode -->
        <test-method status="PASS" signature="teardown()[pri:0, instance:getCode.Geico.HomePageLogIn@117e949d]" name="teardown" is-config="true" duration-ms="9206" started-at="2020-04-05T12:33:25Z" finished-at="2020-04-05T12:33:34Z">
          <reporter-output>
          </reporter-output>
        </test-method> <!-- teardown -->
      </class> <!-- getCode.Geico.HomePageLogIn -->
    </test> <!-- Default test -->
  </suite> <!-- Default suite -->
</testng-results>
