<?xml version="1.0" encoding="UTF-8"?>
<testng-results skipped="0" failed="0" total="1" passed="1">
  <reporter-output>
  </reporter-output>
  <suite name="Default suite" duration-ms="19469" started-at="2020-04-06T01:05:36Z" finished-at="2020-04-06T01:05:55Z">
    <groups>
    </groups>
    <test name="Default test" duration-ms="19469" started-at="2020-04-06T01:05:36Z" finished-at="2020-04-06T01:05:55Z">
      <class name="getCode.Geico.ActiondDemo">
        <test-method status="PASS" signature="initialize()[pri:0, instance:getCode.Geico.ActiondDemo@117e949d]" name="initialize" is-config="true" duration-ms="13085" started-at="2020-04-05T21:05:36Z" finished-at="2020-04-05T21:05:49Z">
          <reporter-output>
          </reporter-output>
        </test-method> <!-- initialize -->
        <test-method status="PASS" signature="information()[pri:0, instance:getCode.Geico.ActiondDemo@117e949d]" name="information" duration-ms="1359" started-at="2020-04-05T21:05:49Z" finished-at="2020-04-05T21:05:50Z">
          <reporter-output>
          </reporter-output>
        </test-method> <!-- information -->
        <test-method status="PASS" signature="teardown()[pri:0, instance:getCode.Geico.ActiondDemo@117e949d]" name="teardown" is-config="true" duration-ms="5004" started-at="2020-04-05T21:05:50Z" finished-at="2020-04-05T21:05:55Z">
          <reporter-output>
          </reporter-output>
        </test-method> <!-- teardown -->
      </class> <!-- getCode.Geico.ActiondDemo -->
    </test> <!-- Default test -->
  </suite> <!-- Default suite -->
</testng-results>
